<?xml version="1.0" encoding="UTF-8"?>
<testsuite name="TestSuite" time="12.137" tests="2" errors="0" skipped="0" failures="1">
  <properties>
[...]
</properties>
  <testcase name="signinTest" classname="shoppingWeb.testCases.TC_LoginTest_001" time="9.251"/>
  <testcase name="signinTest_002" classname="shoppingWeb.testCases.TC_LoginTest_002" time="2.886">
    <failure message="Element &lt;a id=&quot;AMS_Login&quot; href=&quot;/login&quot;&gt; is not clickable at point (1341,15) because another element &lt;div class=&quot;ppt&quot;&gt; obscures it&#10;Build info: version: &apos;3.141.59&apos;, revision: &apos;e82be7d358&apos;, time: &apos;2018-11-14T08:17:03&apos;&#10;System info: host: &apos;DESKTOP-I6SHIPJ&apos;, ip: &apos;169.254.200.150&apos;, os.name: &apos;Windows 10&apos;, os.arch: &apos;amd64&apos;, os.version: &apos;10.0&apos;, java.version: &apos;10.0.2&apos;&#10;Driver info: org.openqa.selenium.firefox.FirefoxDriver&#10;Capabilities {acceptInsecureCerts: true, browserName: firefox, browserVersion: 70.0, javascriptEnabled: true, moz:accessibilityChecks: false, moz:buildID: 20191016161957, moz:geckodriverVersion: 0.26.0, moz:headless: false, moz:processID: 2520, moz:profile: C:\Users\Van Anh\AppData\Lo..., moz:shutdownTimeout: 60000, moz:useNonSpecCompliantPointerOrigin: false, moz:webdriverClick: true, pageLoadStrategy: normal, platform: WINDOWS, platformName: WINDOWS, platformVersion: 10.0, rotatable: false, setWindowRect: true, strictFileInteractability: false, timeouts: {implicit: 0, pageLoad: 300000, script: 30000}, unhandledPromptBehavior: dismiss and notify}&#10;Session ID: f90f2877-0782-4e52-8971-1e1aa43874e3" type="org.openqa.selenium.ElementClickInterceptedException"><![CDATA[org.openqa.selenium.ElementClickInterceptedException: Element <a id="AMS_Login" href="/login"> is not clickable at point (1341,15) because another element <div class="ppt"> obscures it
Build info: version: '3.141.59', revision: 'e82be7d358', time: '2018-11-14T08:17:03'
System info: host: 'DESKTOP-I6SHIPJ', ip: '169.254.200.150', os.name: 'Windows 10', os.arch: 'amd64', os.version: '10.0', java.version: '10.0.2'
Driver info: org.openqa.selenium.firefox.FirefoxDriver
Capabilities {acceptInsecureCerts: true, browserName: firefox, browserVersion: 70.0, javascriptEnabled: true, moz:accessibilityChecks: false, moz:buildID: 20191016161957, moz:geckodriverVersion: 0.26.0, moz:headless: false, moz:processID: 2520, moz:profile: C:\Users\Van Anh\AppData\Lo..., moz:shutdownTimeout: 60000, moz:useNonSpecCompliantPointerOrigin: false, moz:webdriverClick: true, pageLoadStrategy: normal, platform: WINDOWS, platformName: WINDOWS, platformVersion: 10.0, rotatable: false, setWindowRect: true, strictFileInteractability: false, timeouts: {implicit: 0, pageLoad: 300000, script: 30000}, unhandledPromptBehavior: dismiss and notify}
Session ID: f90f2877-0782-4e52-8971-1e1aa43874e3
	at java.base/jdk.internal.reflect.NativeConstructorAccessorImpl.newInstance0(Native Method)
	at java.base/jdk.internal.reflect.NativeConstructorAccessorImpl.newInstance(NativeConstructorAccessorImpl.java:62)
	at java.base/jdk.internal.reflect.DelegatingConstructorAccessorImpl.newInstance(DelegatingConstructorAccessorImpl.java:45)
	at java.base/java.lang.reflect.Constructor.newInstance(Constructor.java:488)
	at org.openqa.selenium.remote.http.W3CHttpResponseCodec.createException(W3CHttpResponseCodec.java:187)
	at org.openqa.selenium.remote.http.W3CHttpResponseCodec.decode(W3CHttpResponseCodec.java:122)
	at org.openqa.selenium.remote.http.W3CHttpResponseCodec.decode(W3CHttpResponseCodec.java:49)
	at org.openqa.selenium.remote.HttpCommandExecutor.execute(HttpCommandExecutor.java:158)
	at org.openqa.selenium.remote.service.DriverCommandExecutor.execute(DriverCommandExecutor.java:83)
	at org.openqa.selenium.remote.RemoteWebDriver.execute(RemoteWebDriver.java:552)
	at org.openqa.selenium.remote.RemoteWebElement.execute(RemoteWebElement.java:285)
	at org.openqa.selenium.remote.RemoteWebElement.click(RemoteWebElement.java:84)
	at java.base/jdk.internal.reflect.NativeMethodAccessorImpl.invoke0(Native Method)
	at java.base/jdk.internal.reflect.NativeMethodAccessorImpl.invoke(NativeMethodAccessorImpl.java:62)
	at java.base/jdk.internal.reflect.DelegatingMethodAccessorImpl.invoke(DelegatingMethodAccessorImpl.java:43)
	at java.base/java.lang.reflect.Method.invoke(Method.java:564)
	at org.openqa.selenium.support.pagefactory.internal.LocatingElementHandler.invoke(LocatingElementHandler.java:51)
	at com.sun.proxy.$Proxy26.click(Unknown Source)
	at shoppingWeb.pageObjects.LoginPage.clickLoginRegister(LoginPage.java:54)
	at shoppingWeb.testCases.TC_LoginTest_002.signinTest_002(TC_LoginTest_002.java:16)
]]></failure>
    <system-out><![CDATA[Unable to locate frame: a7e4c35a-0d89-4df7-9d25-1a7fa38843b6
Build info: version: '3.141.59', revision: 'e82be7d358', time: '2018-11-14T08:17:03'
System info: host: 'DESKTOP-I6SHIPJ', ip: '169.254.200.150', os.name: 'Windows 10', os.arch: 'amd64', os.version: '10.0', java.version: '10.0.2'
Driver info: org.openqa.selenium.firefox.FirefoxDriver
Capabilities {acceptInsecureCerts: true, browserName: firefox, browserVersion: 70.0, javascriptEnabled: true, moz:accessibilityChecks: false, moz:buildID: 20191016161957, moz:geckodriverVersion: 0.26.0, moz:headless: false, moz:processID: 2520, moz:profile: C:\Users\Van Anh\AppData\Lo..., moz:shutdownTimeout: 60000, moz:useNonSpecCompliantPointerOrigin: false, moz:webdriverClick: true, pageLoadStrategy: normal, platform: WINDOWS, platformName: WINDOWS, platformVersion: 10.0, rotatable: false, setWindowRect: true, strictFileInteractability: false, timeouts: {implicit: 0, pageLoad: 300000, script: 30000}, unhandledPromptBehavior: dismiss and notify}
Session ID: f90f2877-0782-4e52-8971-1e1aa43874e3
[INFO ] 2019-10-31 14:54:22.577 [main] BaseTest - URL is opened
[INFO ] 2019-10-31 14:54:22.578 [main] BaseTest - Login/Register menu is clicked - to open Login page
]]></system-out>
    <system-err><![CDATA[1572494045101	mozrunner::runner	INFO	Running command: "C:\\Program Files (x86)\\Mozilla Firefox\\firefox.exe" "-marionette" "-foreground" "-no-remote" "-profile" "C:\\Users\\VANANH~1\\AppData\\Local\\Temp\\rust_mozprofileMgYUJ6"
1572494047227	addons.webextension.screenshots@mozilla.org	WARN	Loading extension 'screenshots@mozilla.org': Reading manifest: Invalid extension permission: mozillaAddons
1572494047228	addons.webextension.screenshots@mozilla.org	WARN	Loading extension 'screenshots@mozilla.org': Reading manifest: Invalid extension permission: telemetry
1572494047228	addons.webextension.screenshots@mozilla.org	WARN	Loading extension 'screenshots@mozilla.org': Reading manifest: Invalid extension permission: resource://pdf.js/
1572494047229	addons.webextension.screenshots@mozilla.org	WARN	Loading extension 'screenshots@mozilla.org': Reading manifest: Invalid extension permission: about:reader*
JavaScript error: resource://gre/modules/XULStore.jsm, line 66: Error: Can't find profile directory.
1572494050918	Marionette	INFO	Listening on port 64507
1572494051024	Marionette	WARN	TLS certificate errors will be ignored for this session
Oct 31, 2019 2:54:11 PM org.openqa.selenium.remote.ProtocolHandshake createSession
INFO: Detected dialect: W3C
JavaScript error: https://gum.criteo.com/syncframe?topUrl=www.chemistwarehouse.com.au#{%22bundle%22:{%22origin%22:0,%22value%22:null},%22cw%22:true,%22idfs%22:{%22origin%22:0,%22value%22:null},%22lwid%22:{%22origin%22:3,%22value%22:%225263c7b9-fb30-455f-86d1-16fc17da0aa0%22},%22optout%22:{%22origin%22:0,%22value%22:null},%22origin%22:%22onetag%22,%22pm%22:0,%22sid%22:{%22origin%22:0,%22value%22:null},%22tld%22:%22chemistwarehouse.com.au%22,%22topUrl%22:%22www.chemistwarehouse.com.au%22,%22uid%22:null,%22version%22:%225_4_0%22}, line 13: SecurityError: The operation is insecure.
JavaScript error: https://chemistwarehouse.api.useinsider.com/ins.js?id=10002569, line 9: ReferenceError: Notification is not defined
]]></system-err>
  </testcase>
</testsuite>